{"name": "test_search_without_entering_any_product", "status": "failed", "statusDetails": {"message": "AssertionError: assert False\n +  where False = <method-wrapper '__eq__' of str object at 0x0000023372DEFE10>('There is no product that matches the search criteria.Test')\n +    where <method-wrapper '__eq__' of str object at 0x0000023372DEFE10> = 'There is no product that matches the search criteria.'.__eq__\n +      where 'There is no product that matches the search criteria.' = <bound method SearchPage.retrieve_not_found_product_message of <pages.SearchPage.SearchPage object at 0x0000023372B59DC0>>()\n +        where <bound method SearchPage.retrieve_not_found_product_message of <pages.SearchPage.SearchPage object at 0x0000023372B59DC0>> = <pages.SearchPage.SearchPage object at 0x0000023372B59DC0>.retrieve_not_found_product_message", "trace": "self = <tests.test_Search.TestSearch object at 0x0000023372D9ABD0>\n\n    def test_search_without_entering_any_product(self):\n        home_page = HomePage(self.driver)\n        search_page = home_page.search_for_a_product(\"\")\n        expected_text = \"There is no product that matches the search criteria.Test\"\n>       assert search_page.retrieve_not_found_product_message().__eq__(\n            expected_text)\nE       AssertionError: assert False\nE        +  where False = <method-wrapper '__eq__' of str object at 0x0000023372DEFE10>('There is no product that matches the search criteria.Test')\nE        +    where <method-wrapper '__eq__' of str object at 0x0000023372DEFE10> = 'There is no product that matches the search criteria.'.__eq__\nE        +      where 'There is no product that matches the search criteria.' = <bound method SearchPage.retrieve_not_found_product_message of <pages.SearchPage.SearchPage object at 0x0000023372B59DC0>>()\nE        +        where <bound method SearchPage.retrieve_not_found_product_message of <pages.SearchPage.SearchPage object at 0x0000023372B59DC0>> = <pages.SearchPage.SearchPage object at 0x0000023372B59DC0>.retrieve_not_found_product_message\n\ntests\\test_Search.py:26: AssertionError"}, "start": 1719157865991, "stop": 1719157866676, "uuid": "d7efaa46-cb94-49a9-9e63-366d3f9ac733", "historyId": "05faa69b42346d7fd4713a5dbe872b45", "testCaseId": "05faa69b42346d7fd4713a5dbe872b45", "fullName": "tests.test_Search.TestSearch#test_search_without_entering_any_product", "labels": [{"name": "tag", "value": "@pytest.mark.usefixtures('setup_and_teardown', 'log_on_failure')"}, {"name": "parentSuite", "value": "tests"}, {"name": "suite", "value": "test_Search"}, {"name": "subSuite", "value": "TestSearch"}, {"name": "host", "value": "DESKTOP-9B6SK06"}, {"name": "thread", "value": "14760-MainThread"}, {"name": "framework", "value": "pytest"}, {"name": "language", "value": "cpython3"}, {"name": "package", "value": "tests.test_Search"}]}